0 info it worked if it ends with ok
1 verbose cli [ 'F:\\nodejs\\node.exe',
1 verbose cli   'F:\\nodejs\\node_global\\node_modules\\npm\\bin\\npm-cli.js',
1 verbose cli   'adduser' ]
2 info using npm@3.3.3
3 info using node@v5.3.0
4 verbose stack Error: canceled
4 verbose stack     at Interface.<anonymous> (F:\nodejs\node_global\node_modules\npm\node_modules\read\lib\read.js:66:13)
4 verbose stack     at emitNone (events.js:67:13)
4 verbose stack     at Interface.emit (events.js:166:7)
4 verbose stack     at Interface._ttyWrite (readline.js:690:16)
4 verbose stack     at ReadStream.onkeypress (readline.js:105:10)
4 verbose stack     at emitTwo (events.js:87:13)
4 verbose stack     at ReadStream.emit (events.js:172:7)
4 verbose stack     at emitKeys (readline.js:1250:14)
4 verbose stack     at next (native)
4 verbose stack     at ReadStream.onData (readline.js:918:36)
5 verbose cwd H:\BYSJ
6 error Windows_NT 10.0.10586
7 error argv "F:\\nodejs\\node.exe" "F:\\nodejs\\node_global\\node_modules\\npm\\bin\\npm-cli.js" "adduser"
8 error node v5.3.0
9 error npm  v3.3.3
10 error canceled
11 error If you need help, you may report this error at:
11 error     <https://github.com/npm/npm/issues>
12 verbose exit [ 1, true ]
